<?xml version="1.0" encoding="UTF-8" ?>
<testsuite failures="0" time="0.031" errors="1" skipped="0" tests="1" name="com.google.code.morphia.mapping.lazy.TestReferenceMap">
  <properties>
    <property name="java.runtime.name" value="Java(TM) SE Runtime Environment"/>
    <property name="sun.boot.library.path" value="C:\Program Files\Java\jdk1.7.0_04\jre\bin"/>
    <property name="java.vm.version" value="23.0-b21"/>
    <property name="user.country.format" value="US"/>
    <property name="java.vm.vendor" value="Oracle Corporation"/>
    <property name="java.vendor.url" value="http://java.oracle.com/"/>
    <property name="path.separator" value=";"/>
    <property name="java.vm.name" value="Java HotSpot(TM) Client VM"/>
    <property name="file.encoding.pkg" value="sun.io"/>
    <property name="user.script" value=""/>
    <property name="user.country" value="CN"/>
    <property name="sun.java.launcher" value="SUN_STANDARD"/>
    <property name="sun.os.patch.level" value=""/>
    <property name="java.vm.specification.name" value="Java Virtual Machine Specification"/>
    <property name="user.dir" value="C:\Users\peng\workspace\jboss\morphia"/>
    <property name="java.runtime.version" value="1.7.0_04-b22"/>
    <property name="java.awt.graphicsenv" value="sun.awt.Win32GraphicsEnvironment"/>
    <property name="basedir" value="C:\Users\peng\workspace\jboss\morphia"/>
    <property name="java.endorsed.dirs" value="C:\Program Files\Java\jdk1.7.0_04\jre\lib\endorsed"/>
    <property name="os.arch" value="x86"/>
    <property name="surefire.real.class.path" value="C:\Users\peng\workspace\jboss\morphia\target\surefire\surefirebooter8613711536025747473.jar"/>
    <property name="java.io.tmpdir" value="C:\Users\peng\AppData\Local\Temp\"/>
    <property name="line.separator" value="
"/>
    <property name="java.vm.specification.vendor" value="Oracle Corporation"/>
    <property name="user.variant" value=""/>
    <property name="os.name" value="Windows 7"/>
    <property name="sun.jnu.encoding" value="GBK"/>
    <property name="java.library.path" value="C:\Program Files\Java\jdk1.7.0_04\jre\bin;C:\Windows\Sun\Java\bin;C:\Windows\system32;C:\Windows;C:\Windows\system32;C:\Windows;C:\Windows\System32\Wbem;C:\Windows\System32\WindowsPowerShell\v1.0\;C:\Python27;F:\python\Django-1.4\Django-1.4\django\bin;C:\Python27\Scripts;C:\Program Files\Subversion\bin;C:\depot_tools;C:\Program Files\Git\bin;F:\eclipse\maven\bin;C:\Program Files\TortoiseSVN\bin;C:\Python27\Lib\site-packages\Mezzanine-1.2.4-py2.7.egg\mezzanine\bin;C:\Program Files\DBank\ClickUp;."/>
    <property name="surefire.test.class.path" value="C:\Users\peng\workspace\jboss\morphia\target\test-classes;C:\Users\peng\workspace\jboss\morphia\target\classes;C:\Users\peng\.m2\repository\cglib\cglib-nodep\2.2.2\cglib-nodep-2.2.2.jar;C:\Users\peng\.m2\repository\com\thoughtworks\proxytoys\proxytoys\1.0\proxytoys-1.0.jar;C:\Users\peng\.m2\repository\org\mongodb\casbah-gridfs_2.9.2\2.4.1\casbah-gridfs_2.9.2-2.4.1.jar;C:\Users\peng\.m2\repository\org\mongodb\casbah-core_2.9.2\2.4.1\casbah-core_2.9.2-2.4.1.jar;C:\Users\peng\.m2\repository\org\mongodb\casbah-commons_2.9.2\2.4.1\casbah-commons_2.9.2-2.4.1.jar;C:\Users\peng\.m2\repository\org\mongodb\casbah-util_2.9.2\2.4.1\casbah-util_2.9.2-2.4.1.jar;C:\Users\peng\.m2\repository\org\mongodb\casbah-query_2.9.2\2.4.1\casbah-query_2.9.2-2.4.1.jar;C:\Users\peng\.m2\repository\org\scala-lang\scala-library\2.9.2\scala-library-2.9.2.jar;C:\Users\peng\.m2\repository\org\slf4j\slf4j-api\1.6.0\slf4j-api-1.6.0.jar;C:\Users\peng\.m2\repository\org\scalaj\scalaj-collection_2.9.1\1.2\scalaj-collection_2.9.1-1.2.jar;C:\Users\peng\.m2\repository\org\scala-tools\time\time_2.9.1\0.5\time_2.9.1-0.5.jar;C:\Users\peng\.m2\repository\joda-time\joda-time\1.6.2\joda-time-1.6.2.jar;C:\Users\peng\.m2\repository\org\specs2\specs2_2.9.2\1.10\specs2_2.9.2-1.10.jar;C:\Users\peng\.m2\repository\org\specs2\specs2-scalaz-core_2.9.2\6.0.1\specs2-scalaz-core_2.9.2-6.0.1.jar;C:\Users\peng\.m2\repository\org\mongodb\mongo-java-driver\2.9.3\mongo-java-driver-2.9.3.jar;C:\Users\peng\.m2\repository\junit\junit\4.11\junit-4.11.jar;C:\Users\peng\.m2\repository\org\hamcrest\hamcrest-core\1.3\hamcrest-core-1.3.jar;"/>
    <property name="java.specification.name" value="Java Platform API Specification"/>
    <property name="java.class.version" value="51.0"/>
    <property name="sun.management.compiler" value="HotSpot Client Compiler"/>
    <property name="os.version" value="6.1"/>
    <property name="user.home" value="C:\Users\peng"/>
    <property name="user.timezone" value="Asia/Shanghai"/>
    <property name="java.awt.printerjob" value="sun.awt.windows.WPrinterJob"/>
    <property name="java.specification.version" value="1.7"/>
    <property name="file.encoding" value="GBK"/>
    <property name="user.name" value="peng"/>
    <property name="java.class.path" value="C:\Users\peng\workspace\jboss\morphia\target\test-classes;C:\Users\peng\workspace\jboss\morphia\target\classes;C:\Users\peng\.m2\repository\cglib\cglib-nodep\2.2.2\cglib-nodep-2.2.2.jar;C:\Users\peng\.m2\repository\com\thoughtworks\proxytoys\proxytoys\1.0\proxytoys-1.0.jar;C:\Users\peng\.m2\repository\org\mongodb\casbah-gridfs_2.9.2\2.4.1\casbah-gridfs_2.9.2-2.4.1.jar;C:\Users\peng\.m2\repository\org\mongodb\casbah-core_2.9.2\2.4.1\casbah-core_2.9.2-2.4.1.jar;C:\Users\peng\.m2\repository\org\mongodb\casbah-commons_2.9.2\2.4.1\casbah-commons_2.9.2-2.4.1.jar;C:\Users\peng\.m2\repository\org\mongodb\casbah-util_2.9.2\2.4.1\casbah-util_2.9.2-2.4.1.jar;C:\Users\peng\.m2\repository\org\mongodb\casbah-query_2.9.2\2.4.1\casbah-query_2.9.2-2.4.1.jar;C:\Users\peng\.m2\repository\org\scala-lang\scala-library\2.9.2\scala-library-2.9.2.jar;C:\Users\peng\.m2\repository\org\slf4j\slf4j-api\1.6.0\slf4j-api-1.6.0.jar;C:\Users\peng\.m2\repository\org\scalaj\scalaj-collection_2.9.1\1.2\scalaj-collection_2.9.1-1.2.jar;C:\Users\peng\.m2\repository\org\scala-tools\time\time_2.9.1\0.5\time_2.9.1-0.5.jar;C:\Users\peng\.m2\repository\joda-time\joda-time\1.6.2\joda-time-1.6.2.jar;C:\Users\peng\.m2\repository\org\specs2\specs2_2.9.2\1.10\specs2_2.9.2-1.10.jar;C:\Users\peng\.m2\repository\org\specs2\specs2-scalaz-core_2.9.2\6.0.1\specs2-scalaz-core_2.9.2-6.0.1.jar;C:\Users\peng\.m2\repository\org\mongodb\mongo-java-driver\2.9.3\mongo-java-driver-2.9.3.jar;C:\Users\peng\.m2\repository\junit\junit\4.11\junit-4.11.jar;C:\Users\peng\.m2\repository\org\hamcrest\hamcrest-core\1.3\hamcrest-core-1.3.jar;"/>
    <property name="java.vm.specification.version" value="1.7"/>
    <property name="sun.arch.data.model" value="32"/>
    <property name="java.home" value="C:\Program Files\Java\jdk1.7.0_04\jre"/>
    <property name="sun.java.command" value="C:\Users\peng\workspace\jboss\morphia\target\surefire\surefirebooter8613711536025747473.jar C:\Users\peng\workspace\jboss\morphia\target\surefire\surefire3046449937718602327tmp C:\Users\peng\workspace\jboss\morphia\target\surefire\surefire1681670598818007450tmp"/>
    <property name="java.specification.vendor" value="Oracle Corporation"/>
    <property name="user.language" value="zh"/>
    <property name="user.language.format" value="en"/>
    <property name="awt.toolkit" value="sun.awt.windows.WToolkit"/>
    <property name="java.vm.info" value="mixed mode, sharing"/>
    <property name="java.version" value="1.7.0_04"/>
    <property name="java.ext.dirs" value="C:\Program Files\Java\jdk1.7.0_04\jre\lib\ext;C:\Windows\Sun\Java\lib\ext"/>
    <property name="sun.boot.class.path" value="C:\Program Files\Java\jdk1.7.0_04\jre\lib\resources.jar;C:\Program Files\Java\jdk1.7.0_04\jre\lib\rt.jar;C:\Program Files\Java\jdk1.7.0_04\jre\lib\sunrsasign.jar;C:\Program Files\Java\jdk1.7.0_04\jre\lib\jsse.jar;C:\Program Files\Java\jdk1.7.0_04\jre\lib\jce.jar;C:\Program Files\Java\jdk1.7.0_04\jre\lib\charsets.jar;C:\Program Files\Java\jdk1.7.0_04\jre\lib\jfr.jar;C:\Program Files\Java\jdk1.7.0_04\jre\classes"/>
    <property name="java.vendor" value="Oracle Corporation"/>
    <property name="localRepository" value="C:\Users\peng\.m2\repository"/>
    <property name="file.separator" value="\"/>
    <property name="java.vendor.url.bug" value="http://bugreport.sun.com/bugreport/"/>
    <property name="sun.cpu.endian" value="little"/>
    <property name="sun.io.unicode.encoding" value="UnicodeLittle"/>
    <property name="sun.desktop" value="windows"/>
    <property name="sun.cpu.isalist" value="pentium_pro+mmx pentium_pro pentium+mmx pentium i486 i386 i86"/>
  </properties>
  <testcase time="0.016" classname="com.google.code.morphia.mapping.lazy.TestReferenceMap" name="testCreateProxy">
    <error message="com/google/code/morphia/mapping/lazy/TestReferenceMap$A" type="java.lang.NoClassDefFoundError">java.lang.NoClassDefFoundError: com/google/code/morphia/mapping/lazy/TestReferenceMap$A
	at com.google.code.morphia.mapping.lazy.TestReferenceMap.testCreateProxy(TestReferenceMap.java:25)
	at sun.reflect.NativeMethodAccessorImpl.invoke0(Native Method)
	at sun.reflect.NativeMethodAccessorImpl.invoke(NativeMethodAccessorImpl.java:57)
	at sun.reflect.DelegatingMethodAccessorImpl.invoke(DelegatingMethodAccessorImpl.java:43)
	at java.lang.reflect.Method.invoke(Method.java:601)
	at org.junit.runners.model.FrameworkMethod$1.runReflectiveCall(FrameworkMethod.java:47)
	at org.junit.internal.runners.model.ReflectiveCallable.run(ReflectiveCallable.java:12)
	at org.junit.runners.model.FrameworkMethod.invokeExplosively(FrameworkMethod.java:44)
	at org.junit.internal.runners.statements.InvokeMethod.evaluate(InvokeMethod.java:17)
	at org.junit.internal.runners.statements.RunBefores.evaluate(RunBefores.java:26)
	at org.junit.internal.runners.statements.RunAfters.evaluate(RunAfters.java:27)
	at org.junit.runners.ParentRunner.runLeaf(ParentRunner.java:271)
	at org.junit.runners.BlockJUnit4ClassRunner.runChild(BlockJUnit4ClassRunner.java:70)
	at org.junit.runners.BlockJUnit4ClassRunner.runChild(BlockJUnit4ClassRunner.java:50)
	at org.junit.runners.ParentRunner$3.run(ParentRunner.java:238)
	at org.junit.runners.ParentRunner$1.schedule(ParentRunner.java:63)
	at org.junit.runners.ParentRunner.runChildren(ParentRunner.java:236)
	at org.junit.runners.ParentRunner.access$000(ParentRunner.java:53)
	at org.junit.runners.ParentRunner$2.evaluate(ParentRunner.java:229)
	at org.junit.runners.ParentRunner.run(ParentRunner.java:309)
	at org.apache.maven.surefire.junit4.JUnit4TestSet.execute(JUnit4TestSet.java:35)
	at org.apache.maven.surefire.junit4.JUnit4Provider.executeTestSet(JUnit4Provider.java:146)
	at org.apache.maven.surefire.junit4.JUnit4Provider.invoke(JUnit4Provider.java:97)
	at sun.reflect.NativeMethodAccessorImpl.invoke0(Native Method)
	at sun.reflect.NativeMethodAccessorImpl.invoke(NativeMethodAccessorImpl.java:57)
	at sun.reflect.DelegatingMethodAccessorImpl.invoke(DelegatingMethodAccessorImpl.java:43)
	at java.lang.reflect.Method.invoke(Method.java:601)
	at org.apache.maven.surefire.booter.ProviderFactory$ClassLoaderProxy.invoke(ProviderFactory.java:103)
	at $Proxy0.invoke(Unknown Source)
	at org.apache.maven.surefire.booter.SurefireStarter.invokeProvider(SurefireStarter.java:145)
	at org.apache.maven.surefire.booter.SurefireStarter.runSuitesInProcess(SurefireStarter.java:87)
	at org.apache.maven.surefire.booter.ForkedBooter.main(ForkedBooter.java:69)
Caused by: java.lang.ClassNotFoundException: com.google.code.morphia.mapping.lazy.TestReferenceMap$A
	at java.net.URLClassLoader$1.run(URLClassLoader.java:366)
	at java.net.URLClassLoader$1.run(URLClassLoader.java:355)
	at java.security.AccessController.doPrivileged(Native Method)
	at java.net.URLClassLoader.findClass(URLClassLoader.java:354)
	at java.lang.ClassLoader.loadClass(ClassLoader.java:423)
	at sun.misc.Launcher$AppClassLoader.loadClass(Launcher.java:308)
	at java.lang.ClassLoader.loadClass(ClassLoader.java:356)
	... 32 more
</error>
    <system-out>@SLTests run: 2, Failures: 0, Errors: 2, Skipped: 0, Time elapsed: 0.047 sec &lt;&lt;&lt; FAILURE!
@SLRunning com.google.code.morphia.mapping.lazy.TestReferenceMap
</system-out>
  </testcase>
</testsuite>